9    -1
2    -1
0    16   0
15    -1
0    17   0
15    -1
0    18   0
15    -1
0    13   0
16    -1
3    -1
0    11   0
27    -1
1    9   0
16    -1
7    -1
11    -1
0    16   0
12    -1
16    -1
7    -1
11    -1
0    17   0
12    -1
16    -1
7    -1
11    -1
0    18   0
12    -1
16    -1
4    -1
11    -1
0    16   0
22    -1
0    17   0
12    -1
9    -1
4    -1
11    -1
0    16   0
22    -1
0    18   0
12    -1
9    -1
0    13   0
27    -1
0    16   0
16    -1
10    -1
10    -1
5    -1
9    -1
4    -1
11    -1
0    17   0
22    -1
0    16   0
12    -1
9    -1
4    -1
11    -1
0    17   0
22    -1
0    18   0
12    -1
9    -1
0    13   0
27    -1
0    17   0
16    -1
10    -1
10    -1
5    -1
9    -1
0    13   0
27    -1
0    18   0
16    -1
10    -1
10    -1
8    -1
11    -1
0    13   0
12    -1
16    -1
10    -1

